%!Adobe-FontList 1.20
%Locale:0xc0a

%BeginFont
Handler:DirectoryHandler
FontType:TrueType
FontName:ArialMT
FamilyName:Arial
StyleName:Regular
FullName:Arial
MenuName:Arial
StyleBits:0
WritingScript:Roman
OutlineFileName:C:\Users\klips\OneDrive\Escritorio\Ingles\Actividad_1\PROJECTO_1_JOB_INTERVIEW\Document fonts\arial.ttf
DataFormat:sfntData
hasSVG:no
VariableFontType:NonVariableFont
FileLength:1036584
FileModTime:1536992912
WeightClass:400
WidthClass:5
AngleClass:0
NameArray:0,Mac,4,Arial
NameArray:0,Win,1,Arial
%EndFont

%BeginFont
Handler:DirectoryHandler
FontType:TrueType
FontName:Arial-BoldMT
FamilyName:Arial
StyleName:Bold
FullName:Arial Bold
MenuName:Arial
StyleBits:2
WritingScript:Roman
OutlineFileName:C:\Users\klips\OneDrive\Escritorio\Ingles\Actividad_1\PROJECTO_1_JOB_INTERVIEW\Document fonts\arialbd.ttf
DataFormat:sfntData
hasSVG:no
VariableFontType:NonVariableFont
FileLength:980756
FileModTime:1536992912
WeightClass:700
WidthClass:5
AngleClass:0
NameArray:0,Mac,4,Arial Bold
NameArray:0,Win,1,Arial
%EndFont

%BeginFont
Handler:DirectoryHandler
FontType:TrueType
FontName:Arial-BoldItalicMT
FamilyName:Arial
StyleName:Bold Italic
FullName:Arial Bold Italic
MenuName:Arial
StyleBits:3
WritingScript:Roman
OutlineFileName:C:\Users\klips\OneDrive\Escritorio\Ingles\Actividad_1\PROJECTO_1_JOB_INTERVIEW\Document fonts\arialbi.ttf
DataFormat:sfntData
hasSVG:no
VariableFontType:NonVariableFont
FileLength:721144
FileModTime:1536992912
WeightClass:700
WidthClass:5
AngleClass:1
NameArray:0,Mac,4,Arial Bold Italic
NameArray:0,Win,1,Arial
%EndFont

%BeginFont
Handler:DirectoryHandler
FontType:TrueType
FontName:Corbel-Bold
FamilyName:Corbel
StyleName:Bold
FullName:Corbel Bold
MenuName:Corbel
StyleBits:2
WritingScript:Roman
OutlineFileName:C:\Users\klips\OneDrive\Escritorio\Ingles\Actividad_1\PROJECTO_1_JOB_INTERVIEW\Document fonts\corbelb.ttf
DataFormat:sfntData
hasSVG:no
VariableFontType:NonVariableFont
FileLength:289184
FileModTime:1536992918
WeightClass:700
WidthClass:5
AngleClass:0
NameArray:0,Mac,4,Corbel Bold
NameArray:0,Win,1,Corbel
%EndFont

%BeginFont
Handler:DirectoryHandler
FontType:TrueType
FontName:Corbel-Italic
FamilyName:Corbel
StyleName:Italic
FullName:Corbel Italic
MenuName:Corbel
StyleBits:1
WritingScript:Roman
OutlineFileName:C:\Users\klips\OneDrive\Escritorio\Ingles\Actividad_1\PROJECTO_1_JOB_INTERVIEW\Document fonts\corbeli.ttf
DataFormat:sfntData
hasSVG:no
VariableFontType:NonVariableFont
FileLength:283168
FileModTime:1536992918
WeightClass:400
WidthClass:5
AngleClass:1
NameArray:0,Mac,4,Corbel Italic
NameArray:0,Win,1,Corbel
%EndFont

%BeginFont
Handler:DirectoryHandler
FontType:TrueType
FontName:FranklinGothic-Medium
FamilyName:Franklin Gothic Medium
StyleName:Regular
FullName:Franklin Gothic Medium
MenuName:Franklin Gothic Medium
StyleBits:0
WritingScript:Roman
OutlineFileName:C:\Users\klips\OneDrive\Escritorio\Ingles\Actividad_1\PROJECTO_1_JOB_INTERVIEW\Document fonts\framd.ttf
DataFormat:sfntData
hasSVG:no
VariableFontType:NonVariableFont
FileLength:133632
FileModTime:1536992916
WeightClass:400
WidthClass:5
AngleClass:0
NameArray:0,Mac,4,Franklin Gothic Medium
NameArray:0,Win,1,Franklin Gothic Medium
%EndFont

%BeginFont
Handler:DirectoryHandler
FontType:TrueType
FontName:LucidaSansUnicode
FamilyName:Lucida Sans Unicode
StyleName:Regular
FullName:Lucida Sans Unicode
MenuName:Lucida Sans Unicode
StyleBits:0
WritingScript:Roman
OutlineFileName:C:\Users\klips\OneDrive\Escritorio\Ingles\Actividad_1\PROJECTO_1_JOB_INTERVIEW\Document fonts\l_10646.ttf
DataFormat:sfntData
hasSVG:no
VariableFontType:NonVariableFont
FileLength:309516
FileModTime:1536992918
WeightClass:400
WidthClass:5
AngleClass:0
NameArray:0,Mac,4,Lucida Sans Unicode
NameArray:0,Win,1,Lucida Sans Unicode
%EndFont

%BeginFont
Handler:DirectoryHandler
FontType:Type1
FontName:MinionPro-Regular
FamilyName:Minion Pro
StyleName:Regular
FullName:Minion Pro
MenuName:Minion Pro
StyleBits:0
WritingScript:Roman
OutlineFileName:C:\Users\klips\OneDrive\Escritorio\Ingles\Actividad_1\PROJECTO_1_JOB_INTERVIEW\Document fonts\MinionPro-Regular.otf
DataFormat:sfntData
UsesStandardEncoding:yes
isCFF:yes
hasSVG:no
VariableFontType:NonVariableFont
FileLength:218640
FileModTime:1542146804
WeightClass:400
WidthClass:5
AngleClass:0
DesignSize:110
NameArray:0,Mac,4,Minion Pro
NameArray:0,Win,1,Minion Pro
%EndFont

%BeginFont
Handler:DirectoryHandler
FontType:TrueType
FontName:Microsoft-Yi-Baiti
FamilyName:Microsoft Yi Baiti
StyleName:Regular
FullName:Microsoft Yi Baiti
MenuName:Microsoft Yi Baiti
StyleBits:0
WritingScript:Roman
OutlineFileName:C:\Users\klips\OneDrive\Escritorio\Ingles\Actividad_1\PROJECTO_1_JOB_INTERVIEW\Document fonts\msyi.ttf
DataFormat:sfntData
hasSVG:no
VariableFontType:NonVariableFont
FileLength:301180
FileModTime:1536992912
WeightClass:400
WidthClass:5
AngleClass:0
NameArray:0,Mac,4,Microsoft Yi Baiti
NameArray:0,Win,1,Microsoft Yi Baiti
%EndFont

